<?xml version="1.0" encoding="UTF-8"?>
<coverage generated="1643461119383" clover="3.2.0">
  <project timestamp="1643461119383" name="All files">
    <metrics statements="20" coveredstatements="20" conditionals="7" coveredconditionals="7" methods="5" coveredmethods="5" elements="32" coveredelements="32" complexity="0" loc="20" ncloc="20" packages="1" files="1" classes="1"/>
    <file name="CB.ts" path="D:\Workspace\JS\Projects\Bots\x-imouto-bot\x-imouto\src\CB.ts">
      <metrics statements="20" coveredstatements="20" conditionals="7" coveredconditionals="7" methods="5" coveredmethods="5"/>
      <line num="3" count="5" type="stmt"/>
      <line num="4" count="5" type="stmt"/>
      <line num="20" count="5" type="stmt"/>
      <line num="25" count="6" type="cond" truecount="2" falsecount="0"/>
      <line num="26" count="3" type="cond" truecount="1" falsecount="0"/>
      <line num="27" count="2" type="cond" truecount="1" falsecount="0"/>
      <line num="28" count="1" type="stmt"/>
      <line num="29" count="1" type="stmt"/>
      <line num="31" count="3" type="stmt"/>
      <line num="33" count="4" type="stmt"/>
      <line num="37" count="4" type="stmt"/>
      <line num="38" count="4" type="stmt"/>
      <line num="39" count="4" type="stmt"/>
      <line num="40" count="20" type="stmt"/>
      <line num="41" count="36" type="cond" truecount="1" falsecount="0"/>
      <line num="42" count="4" type="stmt"/>
      <line num="43" count="4" type="stmt"/>
      <line num="46" count="4" type="stmt"/>
      <line num="47" count="20" type="stmt"/>
      <line num="52" count="1" type="stmt"/>
    </file>
  </project>
</coverage>
