{"D:\\Workspace\\JS\\Projects\\Bots\\x-imouto-bot\\x-imouto\\src\\CB.ts": {"path":"D:\\Workspace\\JS\\Projects\\Bots\\x-imouto-bot\\x-imouto\\src\\CB.ts","statementMap":{"0":{"start":{"line":3,"column":9},"end":{"line":3,"column":42}},"1":{"start":{"line":4,"column":9},"end":{"line":10,"column":3}},"2":{"start":{"line":20,"column":2},"end":{"line":20,"column":33}},"3":{"start":{"line":25,"column":2},"end":{"line":32,"column":null}},"4":{"start":{"line":26,"column":3},"end":{"line":26,"column":88}},"5":{"start":{"line":26,"column":28},"end":{"line":26,"column":88}},"6":{"start":{"line":27,"column":3},"end":{"line":28,"column":75}},"7":{"start":{"line":28,"column":4},"end":{"line":28,"column":75}},"8":{"start":{"line":29,"column":3},"end":{"line":29,"column":24}},"9":{"start":{"line":31,"column":3},"end":{"line":31,"column":58}},"10":{"start":{"line":33,"column":2},"end":{"line":33,"column":14}},"11":{"start":{"line":37,"column":2},"end":{"line":37,"column":43}},"12":{"start":{"line":38,"column":2},"end":{"line":38,"column":43}},"13":{"start":{"line":39,"column":2},"end":{"line":45,"column":null}},"14":{"start":{"line":39,"column":15},"end":{"line":39,"column":42}},"15":{"start":{"line":40,"column":19},"end":{"line":40,"column":38}},"16":{"start":{"line":41,"column":3},"end":{"line":44,"column":null}},"17":{"start":{"line":41,"column":34},"end":{"line":41,"column":48}},"18":{"start":{"line":42,"column":4},"end":{"line":42,"column":22}},"19":{"start":{"line":43,"column":4},"end":{"line":43,"column":10}},"20":{"start":{"line":46,"column":2},"end":{"line":48,"column":5}},"21":{"start":{"line":47,"column":3},"end":{"line":47,"column":64}},"22":{"start":{"line":52,"column":0},"end":{"line":52,"column":18}}},"fnMap":{"0":{"name":"(anonymous_0)","decl":{"start":{"line":19,"column":1},"end":{"line":19,"column":13}},"loc":{"start":{"line":19,"column":47},"end":{"line":21,"column":2}}},"1":{"name":"(anonymous_1)","decl":{"start":{"line":24,"column":1},"end":{"line":24,"column":13}},"loc":{"start":{"line":24,"column":43},"end":{"line":34,"column":2}}},"2":{"name":"(anonymous_2)","decl":{"start":{"line":36,"column":1},"end":{"line":36,"column":5}},"loc":{"start":{"line":36,"column":5},"end":{"line":49,"column":2}}},"3":{"name":"(anonymous_3)","decl":{"start":{"line":41,"column":25},"end":{"line":41,"column":26}},"loc":{"start":{"line":41,"column":34},"end":{"line":41,"column":48}}},"4":{"name":"(anonymous_4)","decl":{"start":{"line":46,"column":30},"end":{"line":46,"column":31}},"loc":{"start":{"line":46,"column":41},"end":{"line":48,"column":3}}}},"branchMap":{"0":{"loc":{"start":{"line":19,"column":13},"end":{"line":19,"column":47}},"type":"default-arg","locations":[{"start":{"line":19,"column":46},"end":{"line":19,"column":47}}]},"1":{"loc":{"start":{"line":24,"column":14},"end":{"line":24,"column":43}},"type":"default-arg","locations":[{"start":{"line":24,"column":42},"end":{"line":24,"column":43}}]},"2":{"loc":{"start":{"line":25,"column":2},"end":{"line":32,"column":null}},"type":"if","locations":[{"start":{"line":25,"column":2},"end":{"line":32,"column":null}},{"start":{"line":30,"column":9},"end":{"line":32,"column":null}}]},"3":{"loc":{"start":{"line":26,"column":3},"end":{"line":26,"column":88}},"type":"if","locations":[{"start":{"line":26,"column":3},"end":{"line":26,"column":88}}]},"4":{"loc":{"start":{"line":27,"column":3},"end":{"line":28,"column":75}},"type":"if","locations":[{"start":{"line":27,"column":3},"end":{"line":28,"column":75}}]},"5":{"loc":{"start":{"line":41,"column":3},"end":{"line":44,"column":null}},"type":"if","locations":[{"start":{"line":41,"column":3},"end":{"line":44,"column":null}}]}},"s":{"0":5,"1":5,"2":5,"3":6,"4":3,"5":1,"6":2,"7":1,"8":1,"9":3,"10":4,"11":4,"12":4,"13":4,"14":4,"15":20,"16":20,"17":36,"18":4,"19":4,"20":4,"21":20,"22":1},"f":{"0":5,"1":6,"2":4,"3":36,"4":20},"b":{"0":[1],"1":[1],"2":[3,3],"3":[1],"4":[1],"5":[4]}}
}
