TN:
SF:src\CB.ts
FN:19,(anonymous_0)
FN:24,(anonymous_1)
FN:36,(anonymous_2)
FN:41,(anonymous_3)
FN:46,(anonymous_4)
FNF:5
FNH:5
FNDA:5,(anonymous_0)
FNDA:6,(anonymous_1)
FNDA:4,(anonymous_2)
FNDA:36,(anonymous_3)
FNDA:20,(anonymous_4)
DA:3,5
DA:4,5
DA:20,5
DA:25,6
DA:26,3
DA:27,2
DA:28,1
DA:29,1
DA:31,3
DA:33,4
DA:37,4
DA:38,4
DA:39,4
DA:40,20
DA:41,36
DA:42,4
DA:43,4
DA:46,4
DA:47,20
DA:52,1
LF:20
LH:20
BRDA:19,0,0,1
BRDA:24,1,0,1
BRDA:25,2,0,3
BRDA:25,2,1,3
BRDA:26,3,0,1
BRDA:27,4,0,1
BRDA:41,5,0,4
BRF:7
BRH:7
end_of_record
